-------------------------------------------------------------------------------
Test set: vanshika.example4.ArrayUtils1Test
-------------------------------------------------------------------------------
Tests run: 3, Failures: 1, Errors: 0, Skipped: 0, Time elapsed: 0.151 s <<< FAILURE! -- in vanshika.example4.ArrayUtils1Test
vanshika.example4.ArrayUtils1Test.testSortArray(RepetitionInfo)[3] -- Time elapsed: 0.019 s <<< FAILURE!
org.opentest4j.AssertionFailedError: execution exceeded timeout of 5 ms by 4 ms
	at org.junit.jupiter.api.AssertionFailureBuilder.build(AssertionFailureBuilder.java:152)
	at org.junit.jupiter.api.AssertionFailureBuilder.buildAndThrow(AssertionFailureBuilder.java:132)
	at org.junit.jupiter.api.AssertTimeout.assertTimeout(AssertTimeout.java:81)
	at org.junit.jupiter.api.AssertTimeout.assertTimeout(AssertTimeout.java:53)
	at org.junit.jupiter.api.Assertions.assertTimeout(Assertions.java:3391)
	at vanshika.example4.ArrayUtils1Test.testSortArray(ArrayUtils1Test.java:42)
	at java.base/java.lang.reflect.Method.invoke(Method.java:565)
	at java.base/java.util.Optional.ifPresent(Optional.java:178)
	at java.base/java.util.stream.ForEachOps$ForEachOp$OfRef.accept(ForEachOps.java:186)
	at java.base/java.util.stream.ReferencePipeline$3$1.accept(ReferencePipeline.java:214)
	at java.base/java.util.stream.IntPipeline$1$1.accept(IntPipeline.java:180)
	at java.base/java.util.stream.Streams$RangeIntSpliterator.forEachRemaining(Streams.java:108)
	at java.base/java.util.Spliterator$OfInt.forEachRemaining(Spliterator.java:710)
	at java.base/java.util.stream.AbstractPipeline.copyInto(AbstractPipeline.java:570)
	at java.base/java.util.stream.AbstractPipeline.wrapAndCopyInto(AbstractPipeline.java:560)
	at java.base/java.util.stream.ForEachOps$ForEachOp.evaluateSequential(ForEachOps.java:153)
	at java.base/java.util.stream.ForEachOps$ForEachOp$OfRef.evaluateSequential(ForEachOps.java:176)
	at java.base/java.util.stream.AbstractPipeline.evaluate(AbstractPipeline.java:265)
	at java.base/java.util.stream.ReferencePipeline.forEach(ReferencePipeline.java:632)
	at java.base/java.util.ArrayList.forEach(ArrayList.java:1604)
	at java.base/java.util.ArrayList.forEach(ArrayList.java:1604)

