<?xml version="1.0" encoding="UTF-8"?>
<testsuite xmlns:xsi="http://www.w3.org/2001/XMLSchema-instance" xsi:noNamespaceSchemaLocation="https://maven.apache.org/surefire/maven-surefire-plugin/xsd/surefire-test-report.xsd" version="3.0.2" name="vanshika.example1.TestPurchaseCourse" time="0.046" tests="1" errors="0" skipped="0" failures="0">
  <properties>
[...]
</properties>
  <testcase name="test" classname="vanshika.example1.TestPurchaseCourse" time="0.022">
    <system-out><![CDATA[Java course purchased
]]></system-out>
  </testcase>
</testsuite>